c:\users\mattei\desktop\tp3meteo\serverclr\debug\vc141.pdb
c:\users\mattei\desktop\tp3meteo\serverclr\debug\tcpserver.obj
c:\users\mattei\desktop\tp3meteo\serverclr\debug\k8055.obj
c:\users\mattei\desktop\tp3meteo\serverclr\debug\consoleapplication1.obj
c:\users\mattei\desktop\tp3meteo\serverclr\debug\meteo.obj
c:\users\mattei\desktop\tp3meteo\serverclr\debug\server.obj
z:\tp3meteo\serverclr\debug\vc141.pdb
c:\users\mattei\desktop\tp3meteo\debug\tp3meteo.exe
c:\users\mattei\desktop\tp3meteo\debug\tp3meteo.pdb
z:\tp3meteo\debug\tp3meteo.pdb
z:\tp3meteo\serverclr\debug\serverclr.vcxprojassemblyreference.cache
z:\tp3meteo\serverclr\debug\.netframework,version=v4.6.1.assemblyattributes.obj
z:\tp3meteo\serverclr\debug\tcpserver.obj
z:\tp3meteo\serverclr\debug\meteo.obj
z:\tp3meteo\serverclr\debug\server.obj
z:\tp3meteo\serverclr\debug\k8055.obj
z:\tp3meteo\serverclr\debug\consoleapplication1.obj
z:\tp3meteo\debug\tp3meteo.exe
z:\tp3meteo\serverclr\debug\tp3meteo.tlog\link.command.1.tlog
z:\tp3meteo\serverclr\debug\tp3meteo.tlog\cl.read.1.tlog
z:\tp3meteo\serverclr\debug\tp3meteo.tlog\cl.command.1.tlog
z:\tp3meteo\serverclr\debug\tp3meteo.tlog\link.read.1.tlog
z:\tp3meteo\serverclr\debug\tp3meteo.tlog\cl.write.1.tlog
z:\tp3meteo\serverclr\debug\tp3meteo.tlog\metagen.write.1.tlog
z:\tp3meteo\serverclr\debug\tp3meteo.tlog\metagen.read.1.tlog
z:\tp3meteo\serverclr\debug\tp3meteo.tlog\link.write.1.tlog
